DEBUG      libindicator-plugin       Looking at Module: libapplication.so
DEBUG      libindicator-plugin       Loading Module: libapplication.so
DEBUG      libindicator-plugin       Load indicator: libapplication.so
DEBUG      libindicator-plugin       Looking at Service: com.canonical.indicator.sound
DEBUG      libindicator-plugin       Loading Service: com.canonical.indicator.sound
DEBUG      libindicator-plugin       Load indicator: com.canonical.indicator.sound
DEBUG      libindicator-plugin       Looking at Service: com.canonical.indicator.messages
DEBUG      libindicator-plugin       Loading Service: com.canonical.indicator.messages
DEBUG      libindicator-plugin       Load indicator: com.canonical.indicator.messages
DEBUG      libindicator-plugin       Looking at Service: com.canonical.indicator.power
DEBUG      libindicator-plugin       Loading Service: com.canonical.indicator.power
DEBUG      libindicator-plugin       Load indicator: com.canonical.indicator.power
DEBUG      Indicator-Application     Connected to Application Indicator Service.
DEBUG      libindicator-plugin       Entry added for io=com.canonical.indicator.power
DEBUG      libindicator-plugin       Entry added for io=com.canonical.indicator.sound
DEBUG      Indicator-Application     Request current apps
DEBUG      Indicator-Application     Building new application entry: :1.33  with icon: nm-no-connection at position 0
DEBUG      libindicator-plugin       Entry added for io=libapplication.so
DEBUG      LIBDBUSMENU-GLIB          Generating properties error for: 2
DEBUG      LIBDBUSMENU-GLIB          Error getting properties on a new menuitem: Error getting properties for ID
DEBUG      LIBDBUSMENU-GLIB          Generating properties error for: 3
DEBUG      LIBDBUSMENU-GLIB          Error getting properties on a new menuitem: Error getting properties for ID
DEBUG      LIBDBUSMENU-GLIB          Generating properties error for: 4
DEBUG      LIBDBUSMENU-GLIB          Error getting properties on a new menuitem: Error getting properties for ID
DEBUG      LIBDBUSMENU-GLIB          Generating properties error for: 5
DEBUG      LIBDBUSMENU-GLIB          Error getting properties on a new menuitem: Error getting properties for ID
DEBUG      LIBDBUSMENU-GLIB          Generating properties error for: 6
DEBUG      LIBDBUSMENU-GLIB          Error getting properties on a new menuitem: Error getting properties for ID
DEBUG      LIBDBUSMENU-GLIB          Generating properties error for: 7
DEBUG      LIBDBUSMENU-GLIB          Error getting properties on a new menuitem: Error getting properties for ID
DEBUG      LIBDBUSMENU-GLIB          Generating properties error for: 8
DEBUG      LIBDBUSMENU-GLIB          Error getting properties on a new menuitem: Error getting properties for ID
